#                                                                            --- full sequence --- -------------- this domain -------------   hmm coord   ali coord   env coord
# target name        accession   tlen query name           accession   qlen   E-value  score  bias   #  of  c-Evalue  i-Evalue  score  bias  from    to  from    to  from    to  acc description of target
#------------------- ---------- ----- -------------------- ---------- ----- --------- ------ ----- --- --- --------- --------- ------ ----- ----- ----- ----- ----- ----- ----- ---- ---------------------
AEH59100.1           -           8536 AMP-binding          PF00501.21   418         0 2799.8   0.0   1   7  1.6e-116  7.2e-115  376.3   0.0     1   418   543   943   543   943 0.96 amino acid adenylation domain-containing protein/NRPS
AEH59100.1           -           8536 AMP-binding          PF00501.21   418         0 2799.8   0.0   2   7  1.5e-130  6.8e-129  422.5   0.0     1   418  1601  2004  1601  2004 0.96 amino acid adenylation domain-containing protein/NRPS
AEH59100.1           -           8536 AMP-binding          PF00501.21   418         0 2799.8   0.0   3   7  5.1e-117  2.3e-115  377.9   0.0     2   418  2686  3084  2685  3084 0.97 amino acid adenylation domain-containing protein/NRPS
AEH59100.1           -           8536 AMP-binding          PF00501.21   418         0 2799.8   0.0   4   7  7.6e-127  3.4e-125  410.3   0.0     1   418  4200  4605  4200  4605 0.99 amino acid adenylation domain-containing protein/NRPS
AEH59100.1           -           8536 AMP-binding          PF00501.21   418         0 2799.8   0.0   5   7  8.2e-124  3.8e-122  400.3   0.0     1   418  5262  5662  5262  5662 0.96 amino acid adenylation domain-containing protein/NRPS
AEH59100.1           -           8536 AMP-binding          PF00501.21   418         0 2799.8   0.0   6   7  2.5e-116  1.2e-114  375.6   0.0     1   418  6322  6733  6322  6733 0.96 amino acid adenylation domain-containing protein/NRPS
AEH59100.1           -           8536 AMP-binding          PF00501.21   418         0 2799.8   0.0   7   7  5.3e-132  2.4e-130  427.3   0.0     1   418  7393  7800  7393  7800 0.98 amino acid adenylation domain-containing protein/NRPS
AEH59099.1           -           3829 AMP-binding          PF00501.21   418         0 1587.2   0.0   1   4  9.8e-121  4.5e-119  390.2   0.0     1   418    54   449    54   449 0.95 amino acid adenylation domain-containing protein/NRPS
AEH59099.1           -           3829 AMP-binding          PF00501.21   418         0 1587.2   0.0   2   4  8.1e-117  3.7e-115  377.3   0.0     1   417  1130  1531  1130  1532 0.95 amino acid adenylation domain-containing protein/NRPS
AEH59099.1           -           3829 AMP-binding          PF00501.21   418         0 1587.2   0.0   3   4  1.2e-130  5.6e-129  422.8   0.0     1   418  2189  2592  2189  2592 0.97 amino acid adenylation domain-containing protein/NRPS
AEH59099.1           -           3829 AMP-binding          PF00501.21   418         0 1587.2   0.0   4   4  2.7e-121  1.2e-119  392.0   0.0     1   418  3249  3653  3249  3653 0.95 amino acid adenylation domain-containing protein/NRPS
#
# Program:         hmmsearch
# Version:         3.1b2 (February 2015)
# Pipeline mode:   SEARCH
# Query file:      /Users/robi0916/Documents/Wageningen_UR/github/adenylpred/data/AMP-binding.hmm
# Target file:     /Users/robi0916/Documents/Wageningen_UR/github/adenylpred/data/gbk_to_fasta.faa
# Option settings: hmmsearch --domtblout temp.out --domT 10 --cpu 3 /Users/robi0916/Documents/Wageningen_UR/github/adenylpred/data/AMP-binding.hmm /Users/robi0916/Documents/Wageningen_UR/github/adenylpred/data/gbk_to_fasta.faa 
# Current dir:     /Users/robi0916/Documents/Wageningen_UR/github/adenylpred
# Date:            Wed May 15 07:56:56 2019
# [ok]
